<?xml version="1.0" ?>
<!DOCTYPE coverage SYSTEM "http://cobertura.sourceforge.net/xml/coverage-04.dtd">
<coverage lines-valid="142"  lines-covered="138"  line-rate="0.9718000000000001"  branches-valid="99"  branches-covered="78"  branch-rate="0.7879"  timestamp="1496171941021" complexity="0" version="0.1">
<sources>
	<source>C:\Users\Raoul\Documents\Softdev\Projects\js-music-note-utils</source>
</sources>
<packages>
	<package name="dist"  line-rate="0.9718000000000001"  branch-rate="0.7879" >
	<classes>
		<class name="music_note_utils.js"  filename="dist\music_note_utils.js"  line-rate="0.9718000000000001"  branch-rate="0.7879" >
		<methods>
			<method name="(anonymous_1)"  hits="1"  signature="()V" >
				<lines><line number="8"  hits="1" /></lines>
			</method>
			<method name="_PitchClass"  hits="7"  signature="()V" >
				<lines><line number="13"  hits="7" /></lines>
			</method>
			<method name="(anonymous_3)"  hits="14"  signature="()V" >
				<lines><line number="21"  hits="14" /></lines>
			</method>
			<method name="(anonymous_4)"  hits="100"  signature="()V" >
				<lines><line number="24"  hits="100" /></lines>
			</method>
			<method name="(anonymous_5)"  hits="30"  signature="()V" >
				<lines><line number="27"  hits="30" /></lines>
			</method>
			<method name="(anonymous_6)"  hits="29"  signature="()V" >
				<lines><line number="35"  hits="29" /></lines>
			</method>
			<method name="(anonymous_7)"  hits="9"  signature="()V" >
				<lines><line number="38"  hits="9" /></lines>
			</method>
			<method name="(anonymous_8)"  hits="10"  signature="()V" >
				<lines><line number="41"  hits="10" /></lines>
			</method>
			<method name="(anonymous_9)"  hits="5"  signature="()V" >
				<lines><line number="44"  hits="5" /></lines>
			</method>
			<method name="(anonymous_10)"  hits="5"  signature="()V" >
				<lines><line number="47"  hits="5" /></lines>
			</method>
			<method name="(anonymous_11)"  hits="5"  signature="()V" >
				<lines><line number="50"  hits="5" /></lines>
			</method>
			<method name="(anonymous_12)"  hits="6"  signature="()V" >
				<lines><line number="53"  hits="6" /></lines>
			</method>
			<method name="with_index"  hits="113"  signature="()V" >
				<lines><line number="73"  hits="113" /></lines>
			</method>
			<method name="_Accidental"  hits="3"  signature="()V" >
				<lines><line number="79"  hits="3" /></lines>
			</method>
			<method name="(anonymous_15)"  hits="103"  signature="()V" >
				<lines><line number="84"  hits="103" /></lines>
			</method>
			<method name="(anonymous_16)"  hits="70"  signature="()V" >
				<lines><line number="87"  hits="70" /></lines>
			</method>
			<method name="(anonymous_17)"  hits="104"  signature="()V" >
				<lines><line number="97"  hits="104" /></lines>
			</method>
			<method name="(anonymous_18)"  hits="75"  signature="()V" >
				<lines><line number="102"  hits="75" /></lines>
			</method>
			<method name="(anonymous_19)"  hits="49"  signature="()V" >
				<lines><line number="107"  hits="49" /></lines>
			</method>
			<method name="Note"  hits="111"  signature="()V" >
				<lines><line number="119"  hits="111" /></lines>
			</method>
			<method name="clone"  hits="2"  signature="()V" >
				<lines><line number="131"  hits="2" /></lines>
			</method>
			<method name="equals"  hits="38"  signature="()V" >
				<lines><line number="136"  hits="38" /></lines>
			</method>
			<method name="transpose"  hits="5"  signature="()V" >
				<lines><line number="142"  hits="5" /></lines>
			</method>
			<method name="natural"  hits="3"  signature="()V" >
				<lines><line number="148"  hits="3" /></lines>
			</method>
			<method name="sharp"  hits="3"  signature="()V" >
				<lines><line number="153"  hits="3" /></lines>
			</method>
			<method name="flat"  hits="3"  signature="()V" >
				<lines><line number="158"  hits="3" /></lines>
			</method>
			<method name="index"  hits="100"  signature="()V" >
				<lines><line number="163"  hits="100" /></lines>
			</method>
			<method name="C4_index"  hits="100"  signature="()V" >
				<lines><line number="167"  hits="100" /></lines>
			</method>
			<method name="midi_number"  hits="3"  signature="()V" >
				<lines><line number="172"  hits="3" /></lines>
			</method>
			<method name="frequency"  hits="1"  signature="()V" >
				<lines><line number="176"  hits="1" /></lines>
			</method>
			<method name="is_accidental"  hits="6"  signature="()V" >
				<lines><line number="181"  hits="6" /></lines>
			</method>
			<method name="is_natural"  hits="3"  signature="()V" >
				<lines><line number="185"  hits="3" /></lines>
			</method>
			<method name="to_string"  hits="9"  signature="()V" >
				<lines><line number="190"  hits="9" /></lines>
			</method>
			<method name="(anonymous_34)"  hits="1"  signature="()V" >
				<lines><line number="194"  hits="1" /></lines>
			</method>
			<method name="(anonymous_35)"  hits="1"  signature="()V" >
				<lines><line number="197"  hits="1" /></lines>
			</method>
			<method name="(anonymous_36)"  hits="1"  signature="()V" >
				<lines><line number="200"  hits="1" /></lines>
			</method>
			<method name="(anonymous_37)"  hits="2"  signature="()V" >
				<lines><line number="207"  hits="2" /></lines>
			</method>
			<method name="(anonymous_38)"  hits="31"  signature="()V" >
				<lines><line number="223"  hits="31" /></lines>
			</method>
			<method name="(anonymous_39)"  hits="6"  signature="()V" >
				<lines><line number="230"  hits="6" /></lines>
			</method>
			<method name="(anonymous_40)"  hits="39"  signature="()V" >
				<lines><line number="247"  hits="39" /></lines>
			</method>
			<method name="(anonymous_41)"  hits="3"  signature="()V" >
				<lines><line number="290"  hits="3" /></lines>
			</method>
			<method name="(anonymous_42)"  hits="3"  signature="()V" >
				<lines><line number="297"  hits="3" /></lines>
			</method>
			<method name="(anonymous_43)"  hits="3"  signature="()V" >
				<lines><line number="304"  hits="3" /></lines>
			</method>
			<method name="(anonymous_44)"  hits="3"  signature="()V" >
				<lines><line number="311"  hits="3" /></lines>
			</method>
			<method name="(anonymous_45)"  hits="3"  signature="()V" >
				<lines><line number="318"  hits="3" /></lines>
			</method>
			<method name="(anonymous_46)"  hits="3"  signature="()V" >
				<lines><line number="325"  hits="3" /></lines>
			</method>
			<method name="(anonymous_47)"  hits="3"  signature="()V" >
				<lines><line number="332"  hits="3" /></lines>
			</method>
			<method name="(anonymous_48)"  hits="1"  signature="()V" >
				<lines><line number="338"  hits="1" /></lines>
			</method>
			<method name="(anonymous_49)"  hits="7"  signature="()V" >
				<lines><line number="339"  hits="7" /></lines>
			</method>
			<method name="(anonymous_50)"  hits="21"  signature="()V" >
				<lines><line number="340"  hits="21" /></lines>
			</method>
			<method name="from_frequency"  hits="3"  signature="()V" >
				<lines><line number="357"  hits="3" /></lines>
			</method>
			<method name="to_frequency"  hits="2"  signature="()V" >
				<lines><line number="364"  hits="2" /></lines>
			</method>
			<method name="(anonymous_53)"  hits="1"  signature="()V" >
				<lines><line number="369"  hits="1" /></lines>
			</method>
			<method name="(anonymous_54)"  hits="37"  signature="()V" >
				<lines><line number="380"  hits="37" /></lines>
			</method>
			<method name="to_octave"  hits="39"  signature="()V" >
				<lines><line number="385"  hits="39" /></lines>
			</method>
			<method name="(anonymous_56)"  hits="1"  signature="()V" >
				<lines><line number="390"  hits="1" /></lines>
			</method>
			<method name="(anonymous_57)"  hits="57"  signature="()V" >
				<lines><line number="394"  hits="57" /></lines>
			</method>
			<method name="normalize"  hits="94"  signature="()V" >
				<lines><line number="401"  hits="94" /></lines>
			</method>
			<method name="(anonymous_59)"  hits="5"  signature="()V" >
				<lines><line number="414"  hits="5" /></lines>
			</method>
			<method name="(anonymous_60)"  hits="2"  signature="()V" >
				<lines><line number="417"  hits="2" /></lines>
			</method>
		</methods>
		<lines>
			<line number="8"  hits="1"  branch="false" />
			<line number="10"  hits="1"  branch="false" />
			<line number="13"  hits="1"  branch="false" />
			<line number="14"  hits="7"  branch="false" />
			<line number="15"  hits="7"  branch="false" />
			<line number="16"  hits="7"  branch="false" />
			<line number="18"  hits="1"  branch="false" />
			<line number="22"  hits="14"  branch="false" />
			<line number="25"  hits="100"  branch="false" />
			<line number="28"  hits="30"  branch="false" />
			<line number="32"  hits="1"  branch="false" />
			<line number="34"  hits="1"  branch="false" />
			<line number="36"  hits="29"  branch="false" />
			<line number="39"  hits="9"  branch="false" />
			<line number="42"  hits="10"  branch="false" />
			<line number="45"  hits="5"  branch="false" />
			<line number="48"  hits="5"  branch="false" />
			<line number="51"  hits="5"  branch="false" />
			<line number="54"  hits="6"  branch="false" />
			<line number="74"  hits="113"  branch="false" />
			<line number="79"  hits="1"  branch="false" />
			<line number="80"  hits="3"  branch="false" />
			<line number="81"  hits="3"  branch="false" />
			<line number="83"  hits="1"  branch="false" />
			<line number="85"  hits="103"  branch="false" />
			<line number="88"  hits="70"  branch="false" />
			<line number="91"  hits="1"  branch="false" />
			<line number="92"  hits="1"  branch="false" />
			<line number="93"  hits="1"  branch="false" />
			<line number="95"  hits="1"  branch="false" />
			<line number="98"  hits="104"  branch="false" />
			<line number="103"  hits="75"  branch="false" />
			<line number="108"  hits="49"  branch="false" />
			<line number="119"  hits="1"  branch="false" />
			<line number="120"  hits="111"  branch="true"  condition-coverage="100% (4/4)" />
			<line number="121"  hits="111"  branch="true"  condition-coverage="100% (4/4)" />
			<line number="123"  hits="111"  branch="false" />
			<line number="124"  hits="111"  branch="false" />
			<line number="125"  hits="111"  branch="false" />
			<line number="127"  hits="1"  branch="false" />
			<line number="132"  hits="2"  branch="false" />
			<line number="137"  hits="38"  branch="false" />
			<line number="143"  hits="5"  branch="false" />
			<line number="149"  hits="3"  branch="false" />
			<line number="154"  hits="3"  branch="false" />
			<line number="159"  hits="3"  branch="false" />
			<line number="164"  hits="100"  branch="false" />
			<line number="168"  hits="100"  branch="false" />
			<line number="173"  hits="3"  branch="false" />
			<line number="177"  hits="1"  branch="false" />
			<line number="182"  hits="6"  branch="false" />
			<line number="186"  hits="3"  branch="false" />
			<line number="191"  hits="9"  branch="false" />
			<line number="195"  hits="1"  branch="false" />
			<line number="198"  hits="1"  branch="false" />
			<line number="201"  hits="1"  branch="false" />
			<line number="207"  hits="1"  branch="false" />
			<line number="208"  hits="2"  branch="false" />
			<line number="223"  hits="1"  branch="false" />
			<line number="224"  hits="31"  branch="false" />
			<line number="226"  hits="31"  branch="true"  condition-coverage="100% (2/2)" />
			<line number="230"  hits="1"  branch="false" />
			<line number="231"  hits="6"  branch="false" />
			<line number="247"  hits="1"  branch="false" />
			<line number="248"  hits="39"  branch="true"  condition-coverage="50% (1/2)" />
			<line number="249"  hits="0"  branch="false" />
			<line number="252"  hits="39"  branch="false" />
			<line number="253"  hits="39"  branch="true"  condition-coverage="50% (1/2)" />
			<line number="254"  hits="0"  branch="false" />
			<line number="257"  hits="39"  branch="false" />
			<line number="259"  hits="39"  branch="true"  condition-coverage="100% (2/2)" />
			<line number="260"  hits="2"  branch="false" />
			<line number="263"  hits="37"  branch="false" />
			<line number="264"  hits="37"  branch="true"  condition-coverage="100% (3/3)" />
			<line number="266"  hits="13"  branch="false" />
			<line number="268"  hits="12"  branch="false" />
			<line number="270"  hits="12"  branch="false" />
			<line number="272"  hits="37"  branch="true"  condition-coverage="100% (4/4)" />
			<line number="273"  hits="4"  branch="false" />
			<line number="276"  hits="33"  branch="false" />
			<line number="277"  hits="33"  branch="true"  condition-coverage="100% (2/2)" />
			<line number="278"  hits="21"  branch="false" />
			<line number="280"  hits="12"  branch="false" />
			<line number="282"  hits="33"  branch="true"  condition-coverage="50% (1/2)" />
			<line number="283"  hits="0"  branch="false" />
			<line number="286"  hits="33"  branch="false" />
			<line number="290"  hits="1"  branch="false" />
			<line number="291"  hits="3"  branch="true"  condition-coverage="75% (3/4)" />
			<line number="292"  hits="3"  branch="true"  condition-coverage="75% (3/4)" />
			<line number="294"  hits="3"  branch="false" />
			<line number="297"  hits="1"  branch="false" />
			<line number="298"  hits="3"  branch="true"  condition-coverage="75% (3/4)" />
			<line number="299"  hits="3"  branch="true"  condition-coverage="75% (3/4)" />
			<line number="301"  hits="3"  branch="false" />
			<line number="304"  hits="1"  branch="false" />
			<line number="305"  hits="3"  branch="true"  condition-coverage="75% (3/4)" />
			<line number="306"  hits="3"  branch="true"  condition-coverage="75% (3/4)" />
			<line number="308"  hits="3"  branch="false" />
			<line number="311"  hits="1"  branch="false" />
			<line number="312"  hits="3"  branch="true"  condition-coverage="75% (3/4)" />
			<line number="313"  hits="3"  branch="true"  condition-coverage="75% (3/4)" />
			<line number="315"  hits="3"  branch="false" />
			<line number="318"  hits="1"  branch="false" />
			<line number="319"  hits="3"  branch="true"  condition-coverage="75% (3/4)" />
			<line number="320"  hits="3"  branch="true"  condition-coverage="75% (3/4)" />
			<line number="322"  hits="3"  branch="false" />
			<line number="325"  hits="1"  branch="false" />
			<line number="326"  hits="3"  branch="true"  condition-coverage="75% (3/4)" />
			<line number="327"  hits="3"  branch="true"  condition-coverage="75% (3/4)" />
			<line number="329"  hits="3"  branch="false" />
			<line number="332"  hits="1"  branch="false" />
			<line number="333"  hits="3"  branch="true"  condition-coverage="75% (3/4)" />
			<line number="334"  hits="3"  branch="true"  condition-coverage="75% (3/4)" />
			<line number="336"  hits="3"  branch="false" />
			<line number="338"  hits="1"  branch="false" />
			<line number="339"  hits="1"  branch="false" />
			<line number="340"  hits="7"  branch="false" />
			<line number="341"  hits="21"  branch="true"  condition-coverage="75% (3/4)" />
			<line number="342"  hits="21"  branch="true"  condition-coverage="75% (3/4)" />
			<line number="344"  hits="21"  branch="false" />
			<line number="354"  hits="1"  branch="false" />
			<line number="358"  hits="3"  branch="false" />
			<line number="359"  hits="3"  branch="false" />
			<line number="361"  hits="3"  branch="false" />
			<line number="365"  hits="2"  branch="false" />
			<line number="372"  hits="1"  branch="false" />
			<line number="380"  hits="1"  branch="false" />
			<line number="381"  hits="37"  branch="false" />
			<line number="386"  hits="39"  branch="false" />
			<line number="387"  hits="39"  branch="false" />
			<line number="392"  hits="1"  branch="false" />
			<line number="394"  hits="1"  branch="false" />
			<line number="395"  hits="57"  branch="false" />
			<line number="402"  hits="94"  branch="false" />
			<line number="403"  hits="94"  branch="true"  condition-coverage="100% (2/2)" />
			<line number="407"  hits="1"  branch="false" />
			<line number="415"  hits="5"  branch="false" />
			<line number="418"  hits="2"  branch="false" />
			<line number="421"  hits="1"  branch="true"  condition-coverage="50% (1/2)" />
			<line number="422"  hits="0"  branch="false" />
			<line number="424"  hits="1"  branch="true"  condition-coverage="75% (3/4)" />
			<line number="425"  hits="1"  branch="false" />
		</lines>
		</class>
	</classes>
	</package>
</packages>
</coverage>
